<?xml version="1.0" encoding="UTF-8"?>
<!-- Generated by org.testng.reporters.JUnitReportReporter -->
<testsuite hostname="VaibhavCPatil" failures="0" tests="2" name="createUser.handleWait" time="16.660" errors="0" timestamp="2025-01-10T21:29:40 IST" skipped="0">
  <testcase classname="createUser.handleWait" name="handleWaitSelenium" time="6.102"/>
  <testcase classname="createUser.handleWait" name="explicitWaitSelenium" time="10.558"/>
</testsuite> <!-- createUser.handleWait -->
