<?xml version="1.0" encoding="UTF-8"?>
<!-- Generated by org.testng.reporters.JUnitReportReporter -->
<testsuite hostname="VaibhavCPatil" failures="0" tests="1" name="createUser.handleAlert" time="88.301" errors="0" timestamp="2025-01-08T21:32:55 IST" skipped="0">
  <testcase classname="createUser.handleAlert" name="alertActions" time="88.301"/>
</testsuite> <!-- createUser.handleAlert -->
