<?xml version="1.0" encoding="UTF-8"?>
<!-- Generated by org.testng.reporters.JUnitReportReporter -->
<testsuite hostname="VaibhavCPatil" failures="0" tests="1" name="createUser.checkbox" time="4.557" errors="0" timestamp="2025-01-23T20:25:22 IST" skipped="0">
  <testcase classname="createUser.checkbox" name="checkBox" time="4.557"/>
  <system-out/>
</testsuite> <!-- createUser.checkbox -->
