<?xml version="1.0" encoding="UTF-8"?>
<!-- Generated by org.testng.reporters.JUnitReportReporter -->
<testsuite hostname="VaibhavCPatil" failures="0" tests="1" name="createUser.upload" time="0.145" errors="0" timestamp="2025-01-16T21:25:19 IST" skipped="0">
  <testcase classname="createUser.upload" name="handleWaitSelenium" time="0.145"/>
</testsuite> <!-- createUser.upload -->
