<?xml version="1.0" encoding="UTF-8"?>
<!-- Generated by org.testng.reporters.JUnitReportReporter -->
<testsuite hostname="VaibhavCPatil" failures="0" tests="1" name="createUser.calenderHandle" time="2.658" errors="0" timestamp="2025-01-13T22:07:17 IST" skipped="0">
  <testcase classname="createUser.calenderHandle" name="hanler" time="2.658"/>
</testsuite> <!-- createUser.calenderHandle -->
