<?xml version="1.0" encoding="UTF-8"?>
<!-- Generated by org.testng.reporters.JUnitReportReporter -->
<testsuite hostname="VaibhavCPatil" failures="0" tests="1" name="createUser.userCreation" time="15.314" errors="0" timestamp="2025-01-19T15:44:25 IST" skipped="0">
  <testcase classname="createUser.userCreation" name="launchBrowser" time="15.314"/>
  <system-out>
    <![CDATA[Browser is launched and Maximized]]>
  </system-out>
</testsuite> <!-- createUser.userCreation -->
