<?xml version="1.0" encoding="UTF-8"?>
<!-- Generated by org.testng.reporters.JUnitReportReporter -->
<testsuite hostname="VaibhavCPatil" failures="0" tests="2" name="createUser.handleWait" time="0.000" errors="0" timestamp="2025-01-23T20:15:58 IST" skipped="2">
  <testcase classname="createUser.handleWait" name="handleWaitSelenium" time="0.000">
    <skipped/>
  </testcase> <!-- handleWaitSelenium -->
  <system-out/>
  <testcase classname="createUser.handleWait" name="explicitWaitSelenium" time="0.000">
    <skipped/>
  </testcase> <!-- explicitWaitSelenium -->
  <system-out/>
</testsuite> <!-- createUser.handleWait -->
