<?xml version="1.0" encoding="UTF-8"?>
<!-- Generated by org.testng.reporters.JUnitReportReporter -->
<testsuite hostname="VaibhavCPatil" failures="0" tests="1" name="createUser.checkbox" time="4.417" errors="0" timestamp="2025-01-16T21:53:58 IST" skipped="0">
  <testcase classname="createUser.checkbox" name="checkBox" time="4.417"/>
</testsuite> <!-- createUser.checkbox -->
