<?xml version="1.0" encoding="UTF-8"?>
<!-- Generated by org.testng.reporters.JUnitReportReporter -->
<testsuite hostname="VaibhavCPatil" failures="0" tests="1" name="createUser.calenderHandle" time="7.017" errors="0" timestamp="2025-01-23T20:16:49 IST" skipped="0">
  <testcase classname="createUser.calenderHandle" name="hanler" time="7.017"/>
  <system-out/>
</testsuite> <!-- createUser.calenderHandle -->
