<?xml version="1.0" encoding="UTF-8"?>
<!-- Generated by org.testng.reporters.JUnitReportReporter -->
<testsuite hostname="VaibhavCPatil" failures="0" tests="1" name="createUser.dataTable" time="10.466" errors="0" timestamp="2025-01-09T21:47:40 IST" skipped="0">
  <testcase classname="createUser.dataTable" name="handleTableData" time="10.466"/>
</testsuite> <!-- createUser.dataTable -->
