<?xml version="1.0" encoding="UTF-8"?>
<!-- Generated by org.testng.reporters.JUnitReportReporter -->
<testsuite hostname="VaibhavCPatil" failures="0" tests="1" name="createUser.handleWindow" time="0.000" errors="0" timestamp="2025-01-23T20:15:58 IST" skipped="1">
  <testcase classname="createUser.handleWindow" name="hanler" time="0.000">
    <skipped/>
  </testcase> <!-- hanler -->
  <system-out/>
</testsuite> <!-- createUser.handleWindow -->
